<?xml version="1.0" encoding="UTF-8"?>
<!-- Generated by org.testng.reporters.JUnitReportReporter -->
<testsuite hostname="NICOO" failures="0" tests="4" name="OMF_Test_Suite.OMF_AssessmentTestsFirefox" time="45.764" errors="0" timestamp="2020-11-01T11:29:13 SAST" skipped="0">
  <testcase classname="OMF_Test_Suite.OMF_AssessmentTestsFirefox" name="HomePageVerificationFireFox" time="7.917"/>
  <system-out/>
  <testcase classname="OMF_Test_Suite.OMF_AssessmentTestsFirefox" name="PersonalLoan_Verification" time="13.564"/>
  <system-out/>
  <testcase classname="OMF_Test_Suite.OMF_AssessmentTestsFirefox" name="Calculator_Verification" time="12.678"/>
  <system-out/>
  <testcase classname="OMF_Test_Suite.OMF_AssessmentTestsFirefox" name="TermCapital_Verification" time="11.605"/>
  <system-out/>
</testsuite> <!-- OMF_Test_Suite.OMF_AssessmentTestsFirefox -->
