<?xml version="1.0" encoding="UTF-8"?>
<!-- Generated by org.testng.reporters.JUnitReportReporter -->
<testsuite hostname="NICOO" failures="0" tests="4" name="OMF_Test_Suite.OMF_AssessmentTests" time="32.311" errors="0" timestamp="2020-10-31T20:02:34 SAST" skipped="0">
  <testcase classname="OMF_Test_Suite.OMF_AssessmentTests" name="HomePage_Verification" time="6.660"/>
  <system-out/>
  <testcase classname="OMF_Test_Suite.OMF_AssessmentTests" name="PersonalLoan_Verification" time="7.983"/>
  <system-out/>
  <testcase classname="OMF_Test_Suite.OMF_AssessmentTests" name="Calculator_Verification" time="8.286"/>
  <system-out/>
  <testcase classname="OMF_Test_Suite.OMF_AssessmentTests" name="TermCapital_Verification" time="9.382"/>
  <system-out/>
</testsuite> <!-- OMF_Test_Suite.OMF_AssessmentTests -->
